	STAR --runThreadN 12 --runMode genomeGenerate --genomeDir /mnt/atgc-d1/bioinfoII/rnaseq/BioProject_2025/Equipo3/STAR_index --genomeFastaFiles /mnt/atgc-d1/bioinfoII/rnaseq/BioProject_2025/Equipo3/reference/dm6.fa --sjdbGTFfile /mnt/atgc-d1/bioinfoII/rnaseq/BioProject_2025/Equipo3/reference/dm6.refGene.gtf --sjdbOverhang 99
	STAR version: 2.7.9a   compiled: 2021-05-04T09:43:56-0400 vega:/home/dobin/data/STAR/STARcode/STAR.master/source
Mar 12 18:02:35 ..... started STAR run
Mar 12 18:02:35 ... starting to generate Genome files
Mar 12 18:02:38 ..... processing annotations GTF
Mar 12 18:02:42 ... starting to sort Suffix Array. This may take a long time...
Mar 12 18:02:45 ... sorting Suffix Array chunks and saving them to disk...
Mar 12 18:03:13 ... loading chunks from disk, packing SA...
Mar 12 18:03:19 ... finished generating suffix array
Mar 12 18:03:19 ... generating Suffix Array index
Mar 12 18:04:02 ... completed Suffix Array index
Mar 12 18:04:02 ..... inserting junctions into the genome indices
Mar 12 18:04:32 ... writing Genome to disk ...
Mar 12 18:04:34 ... writing Suffix Array to disk ...
Mar 12 18:04:36 ... writing SAindex to disk
Mar 12 18:04:38 ..... finished successfully
	STAR --runThreadN 12 --runMode genomeGenerate --genomeDir /mnt/atgc-d1/bioinfoII/rnaseq/BioProject_2025/Equipo3/STAR_index --genomeFastaFiles /mnt/atgc-d1/bioinfoII/rnaseq/BioProject_2025/Equipo3/reference/dm6.fa --sjdbGTFfile /mnt/atgc-d1/bioinfoII/rnaseq/BioProject_2025/Equipo3/reference/dm6.refGene.gtf --sjdbOverhang 99 --genomeSAindexNbases 12
	STAR version: 2.7.9a   compiled: 2021-05-04T09:43:56-0400 vega:/home/dobin/data/STAR/STARcode/STAR.master/source
Mar 12 18:11:45 ..... started STAR run
Mar 12 18:11:45 ... starting to generate Genome files
Mar 12 18:11:48 ..... processing annotations GTF
Mar 12 18:11:52 ... starting to sort Suffix Array. This may take a long time...
Mar 12 18:11:55 ... sorting Suffix Array chunks and saving them to disk...
Mar 12 18:12:21 ... loading chunks from disk, packing SA...
Mar 12 18:12:27 ... finished generating suffix array
Mar 12 18:12:27 ... generating Suffix Array index
Mar 12 18:12:42 ... completed Suffix Array index
Mar 12 18:12:42 ..... inserting junctions into the genome indices
Mar 12 18:13:01 ... writing Genome to disk ...
Mar 12 18:13:02 ... writing Suffix Array to disk ...
Mar 12 18:13:04 ... writing SAindex to disk
Mar 12 18:13:05 ..... finished successfully
